TN:
SF:app\StoreProvider.tsx
FN:12,StoreProvider
FNF:1
FNH:1
FNDA:1,StoreProvider
DA:3,1
DA:4,1
DA:5,1
DA:12,1
DA:17,1
DA:18,1
DA:19,1
LF:7
LH:7
BRDA:18,0,0,1
BRF:1
BRH:1
end_of_record
TN:
SF:app\layout.tsx
FN:15,RootLayout
FNF:1
FNH:1
FNDA:1,RootLayout
DA:2,1
DA:3,1
DA:4,1
DA:5,1
DA:7,1
DA:9,2
DA:15,1
LF:7
LH:7
BRF:0
BRH:0
end_of_record
TN:
SF:app\page.tsx
FN:7,Home
FNF:1
FNH:1
FNDA:1,Home
DA:1,1
DA:2,1
DA:7,1
LF:3
LH:3
BRF:0
BRH:0
end_of_record
TN:
SF:app\api\apiRoutes.ts
FN:12,(anonymous_3)
FN:26,(anonymous_4)
FN:38,(anonymous_5)
FNF:3
FNH:3
FNDA:3,(anonymous_3)
FNDA:3,(anonymous_4)
FNDA:3,(anonymous_5)
DA:5,4
DA:12,4
DA:13,3
DA:24,3
DA:25,3
DA:27,3
DA:30,3
DA:38,4
DA:41,3
DA:52,3
DA:53,3
DA:60,3
LF:12
LH:12
BRF:0
BRH:0
end_of_record
TN:
SF:app\components\ContentComponent\ContentComponent.tsx
FN:10,ContentComponent
FN:18,(anonymous_3)
FN:31,(anonymous_4)
FN:40,(anonymous_5)
FNF:4
FNH:4
FNDA:17,ContentComponent
FNDA:17,(anonymous_3)
FNDA:17,(anonymous_4)
FNDA:2,(anonymous_5)
DA:4,6
DA:6,6
DA:7,6
DA:8,6
DA:10,18
DA:18,17
DA:19,17
DA:31,17
DA:32,17
DA:40,17
LF:10
LH:10
BRDA:19,0,0,6
BRDA:19,0,1,11
BRDA:21,1,0,9
BRDA:21,1,1,2
BRDA:32,2,0,6
BRDA:32,2,1,11
BRDA:34,3,0,9
BRDA:34,3,1,2
BRDA:62,4,0,17
BRF:9
BRH:9
end_of_record
TN:
SF:app\components\FavoriteComponent\FavoriteComponent.tsx
FN:3,FavoriteComponent
FN:26,(anonymous_2)
FNF:2
FNH:2
FNDA:14,FavoriteComponent
FNDA:2,(anonymous_2)
DA:3,14
DA:26,2
LF:2
LH:2
BRF:0
BRH:0
end_of_record
TN:
SF:app\components\FavoriteIconComponent\FavoriteIconComponent.tsx
FN:11,FavoriteIconComponent
FN:23,(anonymous_2)
FN:34,(anonymous_3)
FN:38,(anonymous_4)
FN:51,(anonymous_5)
FNF:5
FNH:5
FNDA:34,FavoriteIconComponent
FNDA:2,(anonymous_2)
FNDA:25,(anonymous_3)
FNDA:1,(anonymous_4)
FNDA:2,(anonymous_5)
DA:1,9
DA:4,9
DA:8,9
DA:11,31
DA:14,34
DA:16,34
DA:18,34
DA:23,34
DA:24,2
DA:25,2
DA:34,34
DA:35,25
DA:39,1
DA:43,1
DA:52,2
DA:53,2
LF:16
LH:16
BRDA:35,0,0,1
BRDA:60,1,0,3
BRDA:60,1,1,31
BRF:3
BRH:3
end_of_record
TN:
SF:app\components\FavoriteListComponent\FavoriteListComponent.tsx
FN:8,FavoriteListComponent
FN:13,(anonymous_3)
FN:31,(anonymous_4)
FNF:3
FNH:3
FNDA:11,FavoriteListComponent
FNDA:5,(anonymous_3)
FNDA:11,(anonymous_4)
DA:6,7
DA:8,11
DA:13,11
DA:32,11
LF:4
LH:4
BRDA:29,0,0,5
BRDA:29,0,1,6
BRF:2
BRH:2
end_of_record
TN:
SF:app\components\PlanetDetailComponent\PlanetDetailComponent.tsx
FN:3,PlanetDetailComponent
FNF:1
FNH:1
FNDA:5,PlanetDetailComponent
DA:3,5
LF:1
LH:1
BRF:0
BRH:0
end_of_record
TN:
SF:app\components\PlanetsComponent\PlanetsComponent.tsx
FN:12,PlanetsComponent
FN:24,(anonymous_3)
FN:30,(anonymous_4)
FN:33,(anonymous_5)
FN:43,(anonymous_6)
FNF:5
FNH:5
FNDA:14,PlanetsComponent
FNDA:10,(anonymous_3)
FNDA:1,(anonymous_4)
FNDA:2,(anonymous_5)
FNDA:1,(anonymous_6)
DA:3,5
DA:5,5
DA:6,5
DA:8,5
DA:9,5
DA:10,5
DA:12,10
DA:18,14
DA:19,14
DA:20,14
DA:22,14
DA:24,14
DA:25,10
DA:30,14
DA:32,1
DA:33,2
DA:36,1
DA:37,1
DA:38,1
DA:39,1
DA:43,14
DA:44,1
DA:45,1
LF:23
LH:23
BRDA:52,0,0,2
BRDA:52,0,1,12
BRDA:59,1,0,2
BRDA:59,1,1,12
BRDA:70,2,0,2
BRDA:70,2,1,12
BRF:6
BRH:6
end_of_record
TN:
SF:app\components\PopUpModalComponent\PopUpModalComponent.tsx
FN:3,PopUpModalComponent
FN:10,(anonymous_2)
FN:15,(anonymous_3)
FN:23,(anonymous_4)
FN:38,(anonymous_5)
FNF:5
FNH:5
FNDA:6,PopUpModalComponent
FNDA:1,(anonymous_2)
FNDA:4,(anonymous_3)
FNDA:1,(anonymous_4)
FNDA:1,(anonymous_5)
DA:3,7
DA:10,1
DA:15,4
DA:23,1
DA:38,1
LF:5
LH:5
BRF:0
BRH:0
end_of_record
TN:
SF:app\components\SideNavigationComponent\SideNavigationComponent.tsx
FN:5,SideNavigationComponent
FNF:1
FNH:1
FNDA:14,SideNavigationComponent
DA:1,6
DA:2,6
DA:5,15
LF:3
LH:3
BRDA:17,0,0,5
BRDA:17,0,1,9
BRDA:29,1,0,8
BRDA:29,1,1,6
BRF:4
BRH:4
end_of_record
TN:
SF:app\components\TableComponent\TableComponent.tsx
FN:14,TableComponent
FN:19,(anonymous_3)
FN:39,(anonymous_4)
FN:55,(anonymous_5)
FNF:4
FNH:4
FNDA:13,TableComponent
FNDA:10,(anonymous_3)
FNDA:2,(anonymous_4)
FNDA:24,(anonymous_5)
DA:3,7
DA:7,7
DA:8,7
DA:9,7
DA:11,7
DA:12,7
DA:14,10
DA:15,13
DA:16,13
DA:19,13
DA:20,10
DA:21,10
DA:22,1
DA:28,1
DA:39,13
DA:43,2
DA:49,2
DA:56,24
LF:18
LH:18
BRDA:21,0,0,1
BRF:1
BRH:1
end_of_record
TN:
SF:app\components\TableComponent\TableHeaderComponent\TableHeaderComponent.tsx
FN:12,TableHeaderComponent
FN:24,(anonymous_2)
FN:46,(anonymous_3)
FN:87,(anonymous_4)
FN:95,(anonymous_5)
FNF:5
FNH:5
FNDA:27,TableHeaderComponent
FNDA:17,(anonymous_2)
FNDA:9,(anonymous_3)
FNDA:135,(anonymous_4)
FNDA:9,(anonymous_5)
DA:1,8
DA:4,8
DA:5,8
DA:9,8
DA:12,20
DA:15,27
DA:16,27
DA:18,27
DA:19,27
DA:24,27
DA:25,17
DA:26,17
DA:27,2
DA:28,2
DA:33,27
DA:46,27
DA:47,9
DA:48,1
DA:51,8
DA:55,2
DA:61,2
DA:62,2
DA:67,6
DA:73,6
DA:74,6
DA:78,6
DA:88,135
DA:96,9
LF:28
LH:28
BRDA:26,0,0,2
BRDA:47,1,0,1
BRDA:51,2,0,2
BRDA:51,2,1,6
BRDA:52,3,0,8
BRDA:52,3,1,2
BRDA:91,4,0,54
BRDA:91,4,1,81
BRDA:103,5,0,135
BRDA:106,6,0,8
BRDA:106,6,1,2
BRF:11
BRH:11
end_of_record
TN:
SF:app\components\TableComponent\TableRecordComponent\TableRecordComponent.tsx
FN:5,TableRecordComponent
FN:13,(anonymous_3)
FN:26,(anonymous_4)
FNF:3
FNH:3
FNDA:27,TableRecordComponent
FNDA:1,(anonymous_3)
FNDA:135,(anonymous_4)
DA:1,8
DA:3,8
DA:5,27
DA:8,27
DA:13,27
DA:14,1
DA:15,1
DA:27,135
LF:8
LH:8
BRDA:29,0,0,108
BRDA:31,1,0,27
BRDA:31,1,1,81
BRF:3
BRH:3
end_of_record
TN:
SF:app\favorites\page.tsx
FN:13,Home
FN:23,(anonymous_3)
FN:32,(anonymous_4)
FNF:3
FNH:3
FNDA:3,Home
FNDA:2,(anonymous_3)
FNDA:2,(anonymous_4)
DA:3,1
DA:4,1
DA:5,1
DA:6,1
DA:7,1
DA:8,1
DA:13,2
DA:15,3
DA:16,3
DA:23,3
DA:24,2
DA:32,3
DA:33,2
DA:35,2
DA:36,1
DA:40,1
DA:43,2
LF:17
LH:17
BRF:0
BRH:0
end_of_record
TN:
SF:app\models\NavigationOptions.ts
FN:2,(anonymous_1)
FNF:1
FNH:1
FNDA:7,(anonymous_1)
DA:2,7
LF:1
LH:1
BRDA:2,0,0,7
BRDA:2,0,1,7
BRF:2
BRH:2
end_of_record
TN:
SF:app\models\tableHeaderSortOptions.ts
FN:2,(anonymous_1)
FNF:1
FNH:1
FNDA:12,(anonymous_1)
DA:2,12
LF:1
LH:1
BRDA:2,0,0,12
BRDA:2,0,1,12
BRF:2
BRH:2
end_of_record
TN:
SF:app\planets\page.tsx
FN:7,Home
FNF:1
FNH:1
FNDA:1,Home
DA:1,1
DA:2,1
DA:3,1
DA:7,1
DA:8,1
LF:5
LH:5
BRF:0
BRH:0
end_of_record
TN:
SF:app\planets\[planetId]\page.tsx
FN:8,Home
FNF:1
FNH:1
FNDA:1,Home
DA:1,1
DA:2,1
DA:3,1
DA:8,1
DA:13,1
DA:14,1
LF:6
LH:6
BRF:0
BRH:0
end_of_record
TN:
SF:app\utils\filterSortPlanetList\filterSortPlanetsList.ts
FN:11,(anonymous_1)
FN:22,(anonymous_2)
FN:29,(anonymous_3)
FN:34,(anonymous_4)
FN:38,(anonymous_5)
FNF:5
FNH:5
FNDA:7,(anonymous_1)
FNDA:16,(anonymous_2)
FNDA:16,(anonymous_3)
FNDA:2,(anonymous_4)
FNDA:4,(anonymous_5)
DA:2,8
DA:11,8
DA:16,7
DA:21,7
DA:22,16
DA:28,7
DA:29,16
DA:32,7
DA:35,2
DA:39,4
DA:42,7
LF:11
LH:11
BRDA:32,0,0,2
BRDA:32,0,1,5
BRDA:42,1,0,2
BRDA:42,1,1,5
BRF:4
BRH:4
end_of_record
TN:
SF:app\utils\mapperUtils\mapperUtils.ts
FN:10,(anonymous_1)
FNF:1
FNH:1
FNDA:4,(anonymous_1)
DA:10,5
DA:14,4
DA:23,4
LF:3
LH:3
BRF:0
BRH:0
end_of_record
